0 info it worked if it ends with ok
<<<<<<< HEAD
1 verbose cli [ 'node',
1 verbose cli   '/usr/local/bin/npm',
1 verbose cli   'install',
1 verbose cli   '--save',
1 verbose cli   'angular-nvd3' ]
2 info using npm@2.5.0
3 info using node@v0.10.33
4 silly cache add args [ 'angular-nvd3', null ]
5 verbose cache add spec angular-nvd3
6 silly cache add parsed spec { raw: 'angular-nvd3',
6 silly cache add   scope: null,
6 silly cache add   name: 'angular-nvd3',
6 silly cache add   rawSpec: '',
6 silly cache add   spec: '*',
6 silly cache add   type: 'range' }
7 verbose addNamed angular-nvd3@*
8 silly addNamed semver.valid null
9 silly addNamed semver.validRange *
10 silly addNameRange { name: 'angular-nvd3', range: '*', hasData: false }
11 silly mapToRegistry name angular-nvd3
12 silly mapToRegistry using default registry
13 silly mapToRegistry registry https://registry.npmjs.org/
14 silly mapToRegistry uri https://registry.npmjs.org/angular-nvd3
15 verbose addNameRange registry:https://registry.npmjs.org/angular-nvd3 not in flight; fetching
16 verbose request uri https://registry.npmjs.org/angular-nvd3
17 verbose request no auth needed
18 info attempt registry request try #1 at 00:30:25
19 verbose request id e5980631ac15183b
20 http request GET https://registry.npmjs.org/angular-nvd3
21 http 404 https://registry.npmjs.org/angular-nvd3
22 verbose headers { date: 'Sun, 08 Feb 2015 08:30:25 GMT',
22 verbose headers   server: 'CouchDB/1.5.0 (Erlang OTP/R16B03)',
22 verbose headers   'content-type': 'application/json',
22 verbose headers   'cache-control': 'max-age=0',
22 verbose headers   'content-length': '52',
22 verbose headers   'accept-ranges': 'bytes',
22 verbose headers   via: '1.1 varnish',
22 verbose headers   age: '0',
22 verbose headers   'x-served-by': 'cache-sjc3125-SJC',
22 verbose headers   'x-cache': 'MISS',
22 verbose headers   'x-cache-hits': '0',
22 verbose headers   'x-timer': 'S1423384225.078342,VS0,VE38',
22 verbose headers   'keep-alive': 'timeout=10, max=50',
22 verbose headers   connection: 'Keep-Alive' }
23 silly get cb [ 404,
23 silly get   { date: 'Sun, 08 Feb 2015 08:30:25 GMT',
23 silly get     server: 'CouchDB/1.5.0 (Erlang OTP/R16B03)',
23 silly get     'content-type': 'application/json',
23 silly get     'cache-control': 'max-age=0',
23 silly get     'content-length': '52',
23 silly get     'accept-ranges': 'bytes',
23 silly get     via: '1.1 varnish',
23 silly get     age: '0',
23 silly get     'x-served-by': 'cache-sjc3125-SJC',
23 silly get     'x-cache': 'MISS',
23 silly get     'x-cache-hits': '0',
23 silly get     'x-timer': 'S1423384225.078342,VS0,VE38',
23 silly get     'keep-alive': 'timeout=10, max=50',
23 silly get     connection: 'Keep-Alive' } ]
24 verbose stack Error: 404 Not Found: angular-nvd3
24 verbose stack     at CachingRegistryClient.<anonymous> (/usr/local/lib/node_modules/npm/node_modules/npm-registry-client/lib/request.js:251:14)
24 verbose stack     at Request._callback (/usr/local/lib/node_modules/npm/node_modules/npm-registry-client/lib/request.js:178:14)
24 verbose stack     at Request.self.callback (/usr/local/lib/node_modules/npm/node_modules/request/request.js:373:22)
24 verbose stack     at Request.emit (events.js:98:17)
24 verbose stack     at Request.<anonymous> (/usr/local/lib/node_modules/npm/node_modules/request/request.js:1318:14)
24 verbose stack     at Request.emit (events.js:117:20)
24 verbose stack     at IncomingMessage.<anonymous> (/usr/local/lib/node_modules/npm/node_modules/request/request.js:1266:12)
24 verbose stack     at IncomingMessage.emit (events.js:117:20)
24 verbose stack     at _stream_readable.js:943:16
24 verbose stack     at process._tickCallback (node.js:419:13)
25 verbose statusCode 404
26 verbose pkgid angular-nvd3
27 verbose cwd /Users/jon/Desktop/stackd
28 error Darwin 14.0.0
29 error argv "node" "/usr/local/bin/npm" "install" "--save" "angular-nvd3"
30 error node v0.10.33
31 error npm  v2.5.0
32 error code E404
33 error 404 Not Found: angular-nvd3
33 error 404
33 error 404 'angular-nvd3' is not in the npm registry.
33 error 404 You should bug the author to publish it (or use the name yourself!)
33 error 404 It was specified as a dependency of 'NodejsStarterApp'
33 error 404
33 error 404 Note that you can also install from a
33 error 404 tarball, folder, http url, or git url.
34 verbose exit [ 1, true ]
=======
1 verbose cli [ 'node', '/usr/local/bin/npm', 'start' ]
2 info using npm@2.4.1
3 info using node@v0.10.31
4 verbose node symlink /usr/local/bin/node
5 verbose run-script [ 'prestart', 'start', 'poststart' ]
6 info prestart NodejsStarterApp@0.0.1
7 info start NodejsStarterApp@0.0.1
8 verbose unsafe-perm in lifecycle true
9 info NodejsStarterApp@0.0.1 Failed to exec start script
10 verbose stack Error: NodejsStarterApp@0.0.1 start: `node test/populateDatabase.js`
10 verbose stack Exit status 8
10 verbose stack     at EventEmitter.<anonymous> (/usr/local/lib/node_modules/npm/lib/utils/lifecycle.js:213:16)
10 verbose stack     at EventEmitter.emit (events.js:98:17)
10 verbose stack     at ChildProcess.<anonymous> (/usr/local/lib/node_modules/npm/lib/utils/spawn.js:14:12)
10 verbose stack     at ChildProcess.emit (events.js:98:17)
10 verbose stack     at maybeClose (child_process.js:756:16)
10 verbose stack     at Process.ChildProcess._handle.onexit (child_process.js:823:5)
11 verbose pkgid NodejsStarterApp@0.0.1
12 verbose cwd /Users/Zai/Desktop/MyProjects/stackd
13 error Darwin 14.1.0
14 error argv "node" "/usr/local/bin/npm" "start"
15 error node v0.10.31
16 error npm  v2.4.1
17 error code ELIFECYCLE
18 error NodejsStarterApp@0.0.1 start: `node test/populateDatabase.js`
18 error Exit status 8
19 error Failed at the NodejsStarterApp@0.0.1 start script 'node test/populateDatabase.js'.
19 error This is most likely a problem with the NodejsStarterApp package,
19 error not with npm itself.
19 error Tell the author that this fails on your system:
19 error     node test/populateDatabase.js
19 error You can get their info via:
19 error     npm owner ls NodejsStarterApp
19 error There is likely additional logging output above.
20 verbose exit [ 1, true ]
>>>>>>> (feat) update getCommentFromSentimentID
